{"D:\\Dev\\FrontProjects\\stellar-burgers\\src\\services\\store.ts": {"path":"D:\\Dev\\FrontProjects\\stellar-burgers\\src\\services\\store.ts","statementMap":{"0":{"start":{"line":16,"column":27},"end":{"line":22,"column":2}},"1":{"start":{"line":24,"column":14},"end":{"line":31,"column":2}},"2":{"start":{"line":27,"column":4},"end":{"line":29,"column":6}},"3":{"start":{"line":37,"column":46},"end":{"line":37,"column":66}},"4":{"start":{"line":37,"column":52},"end":{"line":37,"column":66}},"5":{"start":{"line":38,"column":60},"end":{"line":38,"column":72}}},"fnMap":{"0":{"name":"(anonymous_0)","decl":{"start":{"line":26,"column":14},"end":{"line":26,"column":15}},"loc":{"start":{"line":27,"column":4},"end":{"line":29,"column":6}},"line":27},"1":{"name":"(anonymous_1)","decl":{"start":{"line":37,"column":46},"end":{"line":37,"column":47}},"loc":{"start":{"line":37,"column":52},"end":{"line":37,"column":66}},"line":37}},"branchMap":{},"s":{"0":1,"1":1,"2":1,"3":1,"4":0,"5":1},"f":{"0":1,"1":0},"b":{},"_coverageSchema":"1a1c01bbd47fc00a2c39e90264f33305004495a9","hash":"42c93b3d8b00199a6f65f7155b46b026a123c8f6"}
,"D:\\Dev\\FrontProjects\\stellar-burgers\\src\\services\\slices\\authSlice.ts": {"path":"D:\\Dev\\FrontProjects\\stellar-burgers\\src\\services\\slices\\authSlice.ts","statementMap":{"0":{"start":{"line":23,"column":38},"end":{"line":37,"column":1}},"1":{"start":{"line":39,"column":27},"end":{"line":42,"column":1}},"2":{"start":{"line":41,"column":37},"end":{"line":41,"column":62}},"3":{"start":{"line":44,"column":30},"end":{"line":47,"column":1}},"4":{"start":{"line":46,"column":33},"end":{"line":46,"column":54}},"5":{"start":{"line":49,"column":27},"end":{"line":51,"column":1}},"6":{"start":{"line":50,"column":2},"end":{"line":50,"column":14}},"7":{"start":{"line":53,"column":28},"end":{"line":55,"column":1}},"8":{"start":{"line":54,"column":2},"end":{"line":54,"column":13}},"9":{"start":{"line":57,"column":32},"end":{"line":60,"column":1}},"10":{"start":{"line":59,"column":34},"end":{"line":59,"column":53}},"11":{"start":{"line":62,"column":18},"end":{"line":171,"column":2}},"12":{"start":{"line":67,"column":6},"end":{"line":67,"column":80}},"13":{"start":{"line":70,"column":6},"end":{"line":70,"column":74}},"14":{"start":{"line":73,"column":6},"end":{"line":73,"column":61}},"15":{"start":{"line":76,"column":6},"end":{"line":76,"column":55}},"16":{"start":{"line":80,"column":4},"end":{"line":82,"column":7}},"17":{"start":{"line":81,"column":6},"end":{"line":81,"column":29}},"18":{"start":{"line":83,"column":4},"end":{"line":93,"column":7}},"19":{"start":{"line":84,"column":50},"end":{"line":84,"column":64}},"20":{"start":{"line":86,"column":6},"end":{"line":86,"column":30}},"21":{"start":{"line":87,"column":6},"end":{"line":87,"column":26}},"22":{"start":{"line":88,"column":6},"end":{"line":88,"column":24}},"23":{"start":{"line":89,"column":6},"end":{"line":89,"column":25}},"24":{"start":{"line":91,"column":6},"end":{"line":91,"column":44}},"25":{"start":{"line":92,"column":6},"end":{"line":92,"column":57}},"26":{"start":{"line":94,"column":4},"end":{"line":97,"column":7}},"27":{"start":{"line":95,"column":6},"end":{"line":95,"column":30}},"28":{"start":{"line":96,"column":6},"end":{"line":96,"column":73}},"29":{"start":{"line":99,"column":4},"end":{"line":101,"column":7}},"30":{"start":{"line":100,"column":6},"end":{"line":100,"column":29}},"31":{"start":{"line":102,"column":4},"end":{"line":112,"column":7}},"32":{"start":{"line":103,"column":50},"end":{"line":103,"column":64}},"33":{"start":{"line":105,"column":6},"end":{"line":105,"column":30}},"34":{"start":{"line":106,"column":6},"end":{"line":106,"column":26}},"35":{"start":{"line":107,"column":6},"end":{"line":107,"column":24}},"36":{"start":{"line":108,"column":6},"end":{"line":108,"column":25}},"37":{"start":{"line":110,"column":6},"end":{"line":110,"column":44}},"38":{"start":{"line":111,"column":6},"end":{"line":111,"column":57}},"39":{"start":{"line":113,"column":4},"end":{"line":116,"column":7}},"40":{"start":{"line":114,"column":6},"end":{"line":114,"column":30}},"41":{"start":{"line":115,"column":6},"end":{"line":115,"column":69}},"42":{"start":{"line":117,"column":4},"end":{"line":119,"column":7}},"43":{"start":{"line":118,"column":6},"end":{"line":118,"column":29}},"44":{"start":{"line":120,"column":4},"end":{"line":128,"column":7}},"45":{"start":{"line":121,"column":6},"end":{"line":121,"column":30}},"46":{"start":{"line":122,"column":6},"end":{"line":122,"column":27}},"47":{"start":{"line":123,"column":6},"end":{"line":123,"column":24}},"48":{"start":{"line":124,"column":6},"end":{"line":124,"column":25}},"49":{"start":{"line":126,"column":6},"end":{"line":126,"column":34}},"50":{"start":{"line":127,"column":6},"end":{"line":127,"column":46}},"51":{"start":{"line":129,"column":4},"end":{"line":132,"column":7}},"52":{"start":{"line":130,"column":6},"end":{"line":130,"column":30}},"53":{"start":{"line":131,"column":6},"end":{"line":131,"column":76}},"54":{"start":{"line":134,"column":4},"end":{"line":136,"column":7}},"55":{"start":{"line":135,"column":6},"end":{"line":135,"column":29}},"56":{"start":{"line":137,"column":4},"end":{"line":142,"column":7}},"57":{"start":{"line":138,"column":6},"end":{"line":138,"column":30}},"58":{"start":{"line":139,"column":6},"end":{"line":139,"column":26}},"59":{"start":{"line":140,"column":6},"end":{"line":140,"column":39}},"60":{"start":{"line":141,"column":6},"end":{"line":141,"column":25}},"61":{"start":{"line":143,"column":4},"end":{"line":148,"column":7}},"62":{"start":{"line":144,"column":6},"end":{"line":144,"column":30}},"63":{"start":{"line":145,"column":6},"end":{"line":145,"column":27}},"64":{"start":{"line":146,"column":6},"end":{"line":146,"column":24}},"65":{"start":{"line":147,"column":6},"end":{"line":147,"column":73}},"66":{"start":{"line":150,"column":4},"end":{"line":152,"column":7}},"67":{"start":{"line":151,"column":6},"end":{"line":151,"column":29}},"68":{"start":{"line":153,"column":4},"end":{"line":157,"column":7}},"69":{"start":{"line":154,"column":6},"end":{"line":154,"column":30}},"70":{"start":{"line":155,"column":6},"end":{"line":155,"column":39}},"71":{"start":{"line":156,"column":6},"end":{"line":156,"column":25}},"72":{"start":{"line":158,"column":4},"end":{"line":161,"column":7}},"73":{"start":{"line":159,"column":6},"end":{"line":159,"column":30}},"74":{"start":{"line":160,"column":6},"end":{"line":160,"column":75}},"75":{"start":{"line":164,"column":34},"end":{"line":164,"column":44}},"76":{"start":{"line":165,"column":29},"end":{"line":165,"column":41}},"77":{"start":{"line":166,"column":36},"end":{"line":166,"column":51}},"78":{"start":{"line":167,"column":28},"end":{"line":167,"column":39}},"79":{"start":{"line":168,"column":36},"end":{"line":168,"column":55}},"80":{"start":{"line":169,"column":39},"end":{"line":169,"column":61}},"81":{"start":{"line":180,"column":4},"end":{"line":180,"column":23}},"82":{"start":{"line":187,"column":4},"end":{"line":187,"column":21}},"83":{"start":{"line":189,"column":27},"end":{"line":189,"column":44}}},"fnMap":{"0":{"name":"(anonymous_0)","decl":{"start":{"line":41,"column":2},"end":{"line":41,"column":3}},"loc":{"start":{"line":41,"column":37},"end":{"line":41,"column":62}},"line":41},"1":{"name":"(anonymous_1)","decl":{"start":{"line":46,"column":2},"end":{"line":46,"column":3}},"loc":{"start":{"line":46,"column":33},"end":{"line":46,"column":54}},"line":46},"2":{"name":"(anonymous_2)","decl":{"start":{"line":49,"column":58},"end":{"line":49,"column":59}},"loc":{"start":{"line":50,"column":2},"end":{"line":50,"column":14}},"line":50},"3":{"name":"(anonymous_3)","decl":{"start":{"line":53,"column":60},"end":{"line":53,"column":61}},"loc":{"start":{"line":54,"column":2},"end":{"line":54,"column":13}},"line":54},"4":{"name":"(anonymous_4)","decl":{"start":{"line":59,"column":2},"end":{"line":59,"column":3}},"loc":{"start":{"line":59,"column":34},"end":{"line":59,"column":53}},"line":59},"5":{"name":"(anonymous_5)","decl":{"start":{"line":66,"column":25},"end":{"line":66,"column":26}},"loc":{"start":{"line":66,"column":74},"end":{"line":68,"column":5}},"line":66},"6":{"name":"(anonymous_6)","decl":{"start":{"line":69,"column":22},"end":{"line":69,"column":23}},"loc":{"start":{"line":69,"column":68},"end":{"line":71,"column":5}},"line":69},"7":{"name":"(anonymous_7)","decl":{"start":{"line":72,"column":27},"end":{"line":72,"column":28}},"loc":{"start":{"line":72,"column":38},"end":{"line":74,"column":5}},"line":72},"8":{"name":"(anonymous_8)","decl":{"start":{"line":75,"column":24},"end":{"line":75,"column":25}},"loc":{"start":{"line":75,"column":35},"end":{"line":77,"column":5}},"line":75},"9":{"name":"(anonymous_9)","decl":{"start":{"line":79,"column":17},"end":{"line":79,"column":18}},"loc":{"start":{"line":79,"column":30},"end":{"line":162,"column":3}},"line":79},"10":{"name":"(anonymous_10)","decl":{"start":{"line":80,"column":41},"end":{"line":80,"column":42}},"loc":{"start":{"line":80,"column":52},"end":{"line":82,"column":5}},"line":80},"11":{"name":"(anonymous_11)","decl":{"start":{"line":83,"column":43},"end":{"line":83,"column":44}},"loc":{"start":{"line":83,"column":62},"end":{"line":93,"column":5}},"line":83},"12":{"name":"(anonymous_12)","decl":{"start":{"line":94,"column":42},"end":{"line":94,"column":43}},"loc":{"start":{"line":94,"column":61},"end":{"line":97,"column":5}},"line":94},"13":{"name":"(anonymous_13)","decl":{"start":{"line":99,"column":44},"end":{"line":99,"column":45}},"loc":{"start":{"line":99,"column":55},"end":{"line":101,"column":5}},"line":99},"14":{"name":"(anonymous_14)","decl":{"start":{"line":102,"column":46},"end":{"line":102,"column":47}},"loc":{"start":{"line":102,"column":65},"end":{"line":112,"column":5}},"line":102},"15":{"name":"(anonymous_15)","decl":{"start":{"line":113,"column":45},"end":{"line":113,"column":46}},"loc":{"start":{"line":113,"column":64},"end":{"line":116,"column":5}},"line":113},"16":{"name":"(anonymous_16)","decl":{"start":{"line":117,"column":42},"end":{"line":117,"column":43}},"loc":{"start":{"line":117,"column":53},"end":{"line":119,"column":5}},"line":117},"17":{"name":"(anonymous_17)","decl":{"start":{"line":120,"column":44},"end":{"line":120,"column":45}},"loc":{"start":{"line":120,"column":55},"end":{"line":128,"column":5}},"line":120},"18":{"name":"(anonymous_18)","decl":{"start":{"line":129,"column":43},"end":{"line":129,"column":44}},"loc":{"start":{"line":129,"column":62},"end":{"line":132,"column":5}},"line":129},"19":{"name":"(anonymous_19)","decl":{"start":{"line":134,"column":41},"end":{"line":134,"column":42}},"loc":{"start":{"line":134,"column":52},"end":{"line":136,"column":5}},"line":134},"20":{"name":"(anonymous_20)","decl":{"start":{"line":137,"column":43},"end":{"line":137,"column":44}},"loc":{"start":{"line":137,"column":62},"end":{"line":142,"column":5}},"line":137},"21":{"name":"(anonymous_21)","decl":{"start":{"line":143,"column":42},"end":{"line":143,"column":43}},"loc":{"start":{"line":143,"column":61},"end":{"line":148,"column":5}},"line":143},"22":{"name":"(anonymous_22)","decl":{"start":{"line":150,"column":46},"end":{"line":150,"column":47}},"loc":{"start":{"line":150,"column":57},"end":{"line":152,"column":5}},"line":150},"23":{"name":"(anonymous_23)","decl":{"start":{"line":153,"column":48},"end":{"line":153,"column":49}},"loc":{"start":{"line":153,"column":67},"end":{"line":157,"column":5}},"line":153},"24":{"name":"(anonymous_24)","decl":{"start":{"line":158,"column":47},"end":{"line":158,"column":48}},"loc":{"start":{"line":158,"column":66},"end":{"line":161,"column":5}},"line":158},"25":{"name":"(anonymous_25)","decl":{"start":{"line":164,"column":23},"end":{"line":164,"column":24}},"loc":{"start":{"line":164,"column":34},"end":{"line":164,"column":44}},"line":164},"26":{"name":"(anonymous_26)","decl":{"start":{"line":165,"column":18},"end":{"line":165,"column":19}},"loc":{"start":{"line":165,"column":29},"end":{"line":165,"column":41}},"line":165},"27":{"name":"(anonymous_27)","decl":{"start":{"line":166,"column":25},"end":{"line":166,"column":26}},"loc":{"start":{"line":166,"column":36},"end":{"line":166,"column":51}},"line":166},"28":{"name":"(anonymous_28)","decl":{"start":{"line":167,"column":17},"end":{"line":167,"column":18}},"loc":{"start":{"line":167,"column":28},"end":{"line":167,"column":39}},"line":167},"29":{"name":"(anonymous_29)","decl":{"start":{"line":168,"column":25},"end":{"line":168,"column":26}},"loc":{"start":{"line":168,"column":36},"end":{"line":168,"column":55}},"line":168},"30":{"name":"(anonymous_30)","decl":{"start":{"line":169,"column":28},"end":{"line":169,"column":29}},"loc":{"start":{"line":169,"column":39},"end":{"line":169,"column":61}},"line":169}},"branchMap":{"0":{"loc":{"start":{"line":96,"column":20},"end":{"line":96,"column":72}},"type":"binary-expr","locations":[{"start":{"line":96,"column":20},"end":{"line":96,"column":40}},{"start":{"line":96,"column":44},"end":{"line":96,"column":72}}],"line":96},"1":{"loc":{"start":{"line":115,"column":20},"end":{"line":115,"column":68}},"type":"binary-expr","locations":[{"start":{"line":115,"column":20},"end":{"line":115,"column":40}},{"start":{"line":115,"column":44},"end":{"line":115,"column":68}}],"line":115},"2":{"loc":{"start":{"line":131,"column":20},"end":{"line":131,"column":75}},"type":"binary-expr","locations":[{"start":{"line":131,"column":20},"end":{"line":131,"column":40}},{"start":{"line":131,"column":44},"end":{"line":131,"column":75}}],"line":131},"3":{"loc":{"start":{"line":147,"column":20},"end":{"line":147,"column":72}},"type":"binary-expr","locations":[{"start":{"line":147,"column":20},"end":{"line":147,"column":40}},{"start":{"line":147,"column":44},"end":{"line":147,"column":72}}],"line":147},"4":{"loc":{"start":{"line":160,"column":20},"end":{"line":160,"column":74}},"type":"binary-expr","locations":[{"start":{"line":160,"column":20},"end":{"line":160,"column":40}},{"start":{"line":160,"column":44},"end":{"line":160,"column":74}}],"line":160}},"s":{"0":2,"1":2,"2":0,"3":2,"4":0,"5":2,"6":0,"7":2,"8":0,"9":2,"10":0,"11":2,"12":2,"13":2,"14":0,"15":0,"16":2,"17":1,"18":2,"19":1,"20":1,"21":1,"22":1,"23":1,"24":1,"25":1,"26":2,"27":1,"28":1,"29":2,"30":0,"31":2,"32":0,"33":0,"34":0,"35":0,"36":0,"37":0,"38":0,"39":2,"40":0,"41":0,"42":2,"43":1,"44":2,"45":1,"46":1,"47":1,"48":1,"49":1,"50":1,"51":2,"52":0,"53":0,"54":2,"55":0,"56":2,"57":0,"58":0,"59":0,"60":0,"61":2,"62":0,"63":0,"64":0,"65":0,"66":2,"67":0,"68":2,"69":1,"70":1,"71":1,"72":2,"73":1,"74":1,"75":0,"76":0,"77":0,"78":0,"79":0,"80":0,"81":2,"82":2,"83":2},"f":{"0":0,"1":0,"2":0,"3":0,"4":0,"5":2,"6":2,"7":0,"8":0,"9":2,"10":1,"11":1,"12":1,"13":0,"14":0,"15":0,"16":1,"17":1,"18":0,"19":0,"20":0,"21":0,"22":0,"23":1,"24":1,"25":0,"26":0,"27":0,"28":0,"29":0,"30":0},"b":{"0":[1,0],"1":[0,0],"2":[0,0],"3":[0,0],"4":[1,0]},"_coverageSchema":"1a1c01bbd47fc00a2c39e90264f33305004495a9","hash":"1492d0f9fc0e74fb256ad2d41e678f6bcc703fcb"}
,"D:\\Dev\\FrontProjects\\stellar-burgers\\src\\services\\slices\\constructorSlice.ts": {"path":"D:\\Dev\\FrontProjects\\stellar-burgers\\src\\services\\slices\\constructorSlice.ts","statementMap":{"0":{"start":{"line":13,"column":45},"end":{"line":16,"column":1}},"1":{"start":{"line":18,"column":25},"end":{"line":54,"column":2}},"2":{"start":{"line":23,"column":25},"end":{"line":23,"column":70}},"3":{"start":{"line":25,"column":6},"end":{"line":29,"column":7}},"4":{"start":{"line":26,"column":8},"end":{"line":26,"column":31}},"5":{"start":{"line":28,"column":8},"end":{"line":28,"column":43}},"6":{"start":{"line":32,"column":6},"end":{"line":34,"column":8}},"7":{"start":{"line":33,"column":22},"end":{"line":33,"column":46}},"8":{"start":{"line":40,"column":32},"end":{"line":40,"column":46}},"9":{"start":{"line":41,"column":19},"end":{"line":41,"column":43}},"10":{"start":{"line":42,"column":6},"end":{"line":42,"column":59}},"11":{"start":{"line":43,"column":6},"end":{"line":43,"column":39}},"12":{"start":{"line":46,"column":6},"end":{"line":46,"column":23}},"13":{"start":{"line":47,"column":6},"end":{"line":47,"column":29}},"14":{"start":{"line":51,"column":37},"end":{"line":51,"column":46}},"15":{"start":{"line":52,"column":45},"end":{"line":52,"column":62}},"16":{"start":{"line":57,"column":2},"end":{"line":57,"column":28}},"17":{"start":{"line":64,"column":4},"end":{"line":64,"column":28}},"18":{"start":{"line":66,"column":38},"end":{"line":73,"column":1}},"19":{"start":{"line":69,"column":4},"end":{"line":72,"column":27}},"20":{"start":{"line":75,"column":34},"end":{"line":75,"column":58}}},"fnMap":{"0":{"name":"(anonymous_0)","decl":{"start":{"line":22,"column":19},"end":{"line":22,"column":20}},"loc":{"start":{"line":22,"column":66},"end":{"line":30,"column":5}},"line":22},"1":{"name":"(anonymous_1)","decl":{"start":{"line":31,"column":22},"end":{"line":31,"column":23}},"loc":{"start":{"line":31,"column":64},"end":{"line":35,"column":5}},"line":31},"2":{"name":"(anonymous_2)","decl":{"start":{"line":33,"column":8},"end":{"line":33,"column":9}},"loc":{"start":{"line":33,"column":22},"end":{"line":33,"column":46}},"line":33},"3":{"name":"(anonymous_3)","decl":{"start":{"line":36,"column":20},"end":{"line":36,"column":21}},"loc":{"start":{"line":39,"column":9},"end":{"line":44,"column":5}},"line":39},"4":{"name":"(anonymous_4)","decl":{"start":{"line":45,"column":22},"end":{"line":45,"column":23}},"loc":{"start":{"line":45,"column":33},"end":{"line":48,"column":5}},"line":45},"5":{"name":"(anonymous_5)","decl":{"start":{"line":51,"column":26},"end":{"line":51,"column":27}},"loc":{"start":{"line":51,"column":37},"end":{"line":51,"column":46}},"line":51},"6":{"name":"(anonymous_6)","decl":{"start":{"line":52,"column":34},"end":{"line":52,"column":35}},"loc":{"start":{"line":52,"column":45},"end":{"line":52,"column":62}},"line":52},"7":{"name":"(anonymous_7)","decl":{"start":{"line":68,"column":2},"end":{"line":68,"column":3}},"loc":{"start":{"line":69,"column":4},"end":{"line":72,"column":27}},"line":69}},"branchMap":{"0":{"loc":{"start":{"line":25,"column":6},"end":{"line":29,"column":7}},"type":"if","locations":[{"start":{"line":25,"column":6},"end":{"line":29,"column":7}},{"start":{"line":27,"column":13},"end":{"line":29,"column":7}}],"line":25}},"s":{"0":2,"1":2,"2":2,"3":2,"4":1,"5":1,"6":1,"7":1,"8":1,"9":1,"10":1,"11":1,"12":1,"13":1,"14":0,"15":0,"16":2,"17":2,"18":2,"19":0,"20":2},"f":{"0":2,"1":1,"2":1,"3":1,"4":1,"5":0,"6":0,"7":0},"b":{"0":[1,1]},"_coverageSchema":"1a1c01bbd47fc00a2c39e90264f33305004495a9","hash":"7c9fa4b6908a8bc6194c3f0d20a3869a71ea0436"}
,"D:\\Dev\\FrontProjects\\stellar-burgers\\src\\services\\slices\\feedSlice.ts": {"path":"D:\\Dev\\FrontProjects\\stellar-burgers\\src\\services\\slices\\feedSlice.ts","statementMap":{"0":{"start":{"line":15,"column":38},"end":{"line":19,"column":1}},"1":{"start":{"line":21,"column":31},"end":{"line":24,"column":1}},"2":{"start":{"line":23,"column":14},"end":{"line":23,"column":33}},"3":{"start":{"line":26,"column":25},"end":{"line":49,"column":2}},"4":{"start":{"line":31,"column":4},"end":{"line":33,"column":7}},"5":{"start":{"line":32,"column":6},"end":{"line":32,"column":29}},"6":{"start":{"line":34,"column":4},"end":{"line":38,"column":7}},"7":{"start":{"line":35,"column":6},"end":{"line":35,"column":34}},"8":{"start":{"line":36,"column":6},"end":{"line":36,"column":30}},"9":{"start":{"line":37,"column":6},"end":{"line":37,"column":25}},"10":{"start":{"line":39,"column":4},"end":{"line":42,"column":7}},"11":{"start":{"line":40,"column":6},"end":{"line":40,"column":30}},"12":{"start":{"line":41,"column":6},"end":{"line":41,"column":71}},"13":{"start":{"line":45,"column":27},"end":{"line":45,"column":37}},"14":{"start":{"line":46,"column":34},"end":{"line":46,"column":49}},"15":{"start":{"line":47,"column":32},"end":{"line":47,"column":43}},"16":{"start":{"line":52,"column":2},"end":{"line":52,"column":21}},"17":{"start":{"line":54,"column":32},"end":{"line":57,"column":1}},"18":{"start":{"line":56,"column":12},"end":{"line":56,"column":30}},"19":{"start":{"line":59,"column":27},"end":{"line":59,"column":44}}},"fnMap":{"0":{"name":"(anonymous_0)","decl":{"start":{"line":23,"column":2},"end":{"line":23,"column":3}},"loc":{"start":{"line":23,"column":14},"end":{"line":23,"column":33}},"line":23},"1":{"name":"(anonymous_1)","decl":{"start":{"line":30,"column":17},"end":{"line":30,"column":18}},"loc":{"start":{"line":30,"column":30},"end":{"line":43,"column":3}},"line":30},"2":{"name":"(anonymous_2)","decl":{"start":{"line":31,"column":45},"end":{"line":31,"column":46}},"loc":{"start":{"line":31,"column":56},"end":{"line":33,"column":5}},"line":31},"3":{"name":"(anonymous_3)","decl":{"start":{"line":34,"column":47},"end":{"line":34,"column":48}},"loc":{"start":{"line":34,"column":66},"end":{"line":38,"column":5}},"line":34},"4":{"name":"(anonymous_4)","decl":{"start":{"line":39,"column":46},"end":{"line":39,"column":47}},"loc":{"start":{"line":39,"column":65},"end":{"line":42,"column":5}},"line":39},"5":{"name":"(anonymous_5)","decl":{"start":{"line":45,"column":16},"end":{"line":45,"column":17}},"loc":{"start":{"line":45,"column":27},"end":{"line":45,"column":37}},"line":45},"6":{"name":"(anonymous_6)","decl":{"start":{"line":46,"column":23},"end":{"line":46,"column":24}},"loc":{"start":{"line":46,"column":34},"end":{"line":46,"column":49}},"line":46},"7":{"name":"(anonymous_7)","decl":{"start":{"line":47,"column":21},"end":{"line":47,"column":22}},"loc":{"start":{"line":47,"column":32},"end":{"line":47,"column":43}},"line":47},"8":{"name":"(anonymous_8)","decl":{"start":{"line":56,"column":2},"end":{"line":56,"column":3}},"loc":{"start":{"line":56,"column":12},"end":{"line":56,"column":30}},"line":56}},"branchMap":{"0":{"loc":{"start":{"line":41,"column":20},"end":{"line":41,"column":70}},"type":"binary-expr","locations":[{"start":{"line":41,"column":20},"end":{"line":41,"column":40}},{"start":{"line":41,"column":44},"end":{"line":41,"column":70}}],"line":41},"1":{"loc":{"start":{"line":56,"column":12},"end":{"line":56,"column":30}},"type":"binary-expr","locations":[{"start":{"line":56,"column":12},"end":{"line":56,"column":24}},{"start":{"line":56,"column":28},"end":{"line":56,"column":30}}],"line":56}},"s":{"0":2,"1":2,"2":3,"3":2,"4":2,"5":3,"6":2,"7":1,"8":1,"9":1,"10":2,"11":2,"12":2,"13":0,"14":0,"15":0,"16":2,"17":2,"18":0,"19":2},"f":{"0":3,"1":2,"2":3,"3":1,"4":2,"5":0,"6":0,"7":0,"8":0},"b":{"0":[2,0],"1":[0,0]},"_coverageSchema":"1a1c01bbd47fc00a2c39e90264f33305004495a9","hash":"599ca0ad9ae8beb61d0eb238cc19346237258646"}
,"D:\\Dev\\FrontProjects\\stellar-burgers\\src\\services\\slices\\index.ts": {"path":"D:\\Dev\\FrontProjects\\stellar-burgers\\src\\services\\slices\\index.ts","statementMap":{},"fnMap":{},"branchMap":{},"s":{},"f":{},"b":{},"_coverageSchema":"1a1c01bbd47fc00a2c39e90264f33305004495a9","hash":"4269beffff21df3852a516e5c670c69fbc53f2b1"}
,"D:\\Dev\\FrontProjects\\stellar-burgers\\src\\services\\slices\\ingredientsSlice.ts": {"path":"D:\\Dev\\FrontProjects\\stellar-burgers\\src\\services\\slices\\ingredientsSlice.ts","statementMap":{"0":{"start":{"line":16,"column":45},"end":{"line":21,"column":1}},"1":{"start":{"line":23,"column":38},"end":{"line":26,"column":1}},"2":{"start":{"line":25,"column":14},"end":{"line":25,"column":39}},"3":{"start":{"line":28,"column":25},"end":{"line":55,"column":2}},"4":{"start":{"line":33,"column":4},"end":{"line":35,"column":7}},"5":{"start":{"line":34,"column":6},"end":{"line":34,"column":29}},"6":{"start":{"line":36,"column":4},"end":{"line":40,"column":7}},"7":{"start":{"line":37,"column":6},"end":{"line":37,"column":41}},"8":{"start":{"line":38,"column":6},"end":{"line":38,"column":30}},"9":{"start":{"line":39,"column":6},"end":{"line":39,"column":25}},"10":{"start":{"line":41,"column":4},"end":{"line":44,"column":7}},"11":{"start":{"line":42,"column":6},"end":{"line":42,"column":30}},"12":{"start":{"line":43,"column":6},"end":{"line":43,"column":75}},"13":{"start":{"line":47,"column":34},"end":{"line":47,"column":51}},"14":{"start":{"line":49,"column":6},"end":{"line":49,"column":62}},"15":{"start":{"line":49,"column":41},"end":{"line":49,"column":61}},"16":{"start":{"line":51,"column":6},"end":{"line":51,"column":63}},"17":{"start":{"line":51,"column":41},"end":{"line":51,"column":62}},"18":{"start":{"line":52,"column":43},"end":{"line":52,"column":58}},"19":{"start":{"line":53,"column":39},"end":{"line":53,"column":50}},"20":{"start":{"line":57,"column":37},"end":{"line":60,"column":1}},"21":{"start":{"line":59,"column":19},"end":{"line":59,"column":68}},"22":{"start":{"line":59,"column":48},"end":{"line":59,"column":67}},"23":{"start":{"line":62,"column":38},"end":{"line":65,"column":1}},"24":{"start":{"line":64,"column":19},"end":{"line":64,"column":69}},"25":{"start":{"line":64,"column":48},"end":{"line":64,"column":68}},"26":{"start":{"line":67,"column":39},"end":{"line":70,"column":1}},"27":{"start":{"line":69,"column":19},"end":{"line":69,"column":70}},"28":{"start":{"line":69,"column":48},"end":{"line":69,"column":69}},"29":{"start":{"line":76,"column":4},"end":{"line":76,"column":30}},"30":{"start":{"line":78,"column":34},"end":{"line":78,"column":58}}},"fnMap":{"0":{"name":"(anonymous_0)","decl":{"start":{"line":25,"column":2},"end":{"line":25,"column":3}},"loc":{"start":{"line":25,"column":14},"end":{"line":25,"column":39}},"line":25},"1":{"name":"(anonymous_1)","decl":{"start":{"line":32,"column":17},"end":{"line":32,"column":18}},"loc":{"start":{"line":32,"column":30},"end":{"line":45,"column":3}},"line":32},"2":{"name":"(anonymous_2)","decl":{"start":{"line":33,"column":52},"end":{"line":33,"column":53}},"loc":{"start":{"line":33,"column":63},"end":{"line":35,"column":5}},"line":33},"3":{"name":"(anonymous_3)","decl":{"start":{"line":36,"column":54},"end":{"line":36,"column":55}},"loc":{"start":{"line":36,"column":73},"end":{"line":40,"column":5}},"line":36},"4":{"name":"(anonymous_4)","decl":{"start":{"line":41,"column":53},"end":{"line":41,"column":54}},"loc":{"start":{"line":41,"column":72},"end":{"line":44,"column":5}},"line":41},"5":{"name":"(anonymous_5)","decl":{"start":{"line":47,"column":23},"end":{"line":47,"column":24}},"loc":{"start":{"line":47,"column":34},"end":{"line":47,"column":51}},"line":47},"6":{"name":"(anonymous_6)","decl":{"start":{"line":48,"column":28},"end":{"line":48,"column":29}},"loc":{"start":{"line":49,"column":6},"end":{"line":49,"column":62}},"line":49},"7":{"name":"(anonymous_7)","decl":{"start":{"line":49,"column":31},"end":{"line":49,"column":32}},"loc":{"start":{"line":49,"column":41},"end":{"line":49,"column":61}},"line":49},"8":{"name":"(anonymous_8)","decl":{"start":{"line":50,"column":29},"end":{"line":50,"column":30}},"loc":{"start":{"line":51,"column":6},"end":{"line":51,"column":63}},"line":51},"9":{"name":"(anonymous_9)","decl":{"start":{"line":51,"column":31},"end":{"line":51,"column":32}},"loc":{"start":{"line":51,"column":41},"end":{"line":51,"column":62}},"line":51},"10":{"name":"(anonymous_10)","decl":{"start":{"line":52,"column":32},"end":{"line":52,"column":33}},"loc":{"start":{"line":52,"column":43},"end":{"line":52,"column":58}},"line":52},"11":{"name":"(anonymous_11)","decl":{"start":{"line":53,"column":28},"end":{"line":53,"column":29}},"loc":{"start":{"line":53,"column":39},"end":{"line":53,"column":50}},"line":53},"12":{"name":"(anonymous_12)","decl":{"start":{"line":59,"column":2},"end":{"line":59,"column":3}},"loc":{"start":{"line":59,"column":19},"end":{"line":59,"column":68}},"line":59},"13":{"name":"(anonymous_13)","decl":{"start":{"line":59,"column":38},"end":{"line":59,"column":39}},"loc":{"start":{"line":59,"column":48},"end":{"line":59,"column":67}},"line":59},"14":{"name":"(anonymous_14)","decl":{"start":{"line":64,"column":2},"end":{"line":64,"column":3}},"loc":{"start":{"line":64,"column":19},"end":{"line":64,"column":69}},"line":64},"15":{"name":"(anonymous_15)","decl":{"start":{"line":64,"column":38},"end":{"line":64,"column":39}},"loc":{"start":{"line":64,"column":48},"end":{"line":64,"column":68}},"line":64},"16":{"name":"(anonymous_16)","decl":{"start":{"line":69,"column":2},"end":{"line":69,"column":3}},"loc":{"start":{"line":69,"column":19},"end":{"line":69,"column":70}},"line":69},"17":{"name":"(anonymous_17)","decl":{"start":{"line":69,"column":38},"end":{"line":69,"column":39}},"loc":{"start":{"line":69,"column":48},"end":{"line":69,"column":69}},"line":69}},"branchMap":{"0":{"loc":{"start":{"line":43,"column":20},"end":{"line":43,"column":74}},"type":"binary-expr","locations":[{"start":{"line":43,"column":20},"end":{"line":43,"column":40}},{"start":{"line":43,"column":44},"end":{"line":43,"column":74}}],"line":43}},"s":{"0":2,"1":2,"2":3,"3":2,"4":2,"5":3,"6":2,"7":1,"8":1,"9":1,"10":2,"11":2,"12":2,"13":0,"14":0,"15":0,"16":0,"17":0,"18":0,"19":0,"20":2,"21":0,"22":0,"23":2,"24":0,"25":0,"26":2,"27":0,"28":0,"29":2,"30":2},"f":{"0":3,"1":2,"2":3,"3":1,"4":2,"5":0,"6":0,"7":0,"8":0,"9":0,"10":0,"11":0,"12":0,"13":0,"14":0,"15":0,"16":0,"17":0},"b":{"0":[2,0]},"_coverageSchema":"1a1c01bbd47fc00a2c39e90264f33305004495a9","hash":"257bf44b28223b9537be5eeebb9b5f88971a51b4"}
,"D:\\Dev\\FrontProjects\\stellar-burgers\\src\\services\\slices\\ordersSlice.ts": {"path":"D:\\Dev\\FrontProjects\\stellar-burgers\\src\\services\\slices\\ordersSlice.ts","statementMap":{"0":{"start":{"line":13,"column":39},"end":{"line":19,"column":1}},"1":{"start":{"line":21,"column":33},"end":{"line":24,"column":1}},"2":{"start":{"line":23,"column":14},"end":{"line":23,"column":28}},"3":{"start":{"line":26,"column":36},"end":{"line":29,"column":1}},"4":{"start":{"line":28,"column":24},"end":{"line":28,"column":65}},"5":{"start":{"line":31,"column":33},"end":{"line":34,"column":1}},"6":{"start":{"line":33,"column":38},"end":{"line":33,"column":68}},"7":{"start":{"line":36,"column":20},"end":{"line":91,"column":2}},"8":{"start":{"line":41,"column":6},"end":{"line":41,"column":34}},"9":{"start":{"line":45,"column":4},"end":{"line":47,"column":7}},"10":{"start":{"line":46,"column":6},"end":{"line":46,"column":32}},"11":{"start":{"line":48,"column":4},"end":{"line":52,"column":7}},"12":{"start":{"line":49,"column":6},"end":{"line":49,"column":36}},"13":{"start":{"line":50,"column":6},"end":{"line":50,"column":33}},"14":{"start":{"line":51,"column":6},"end":{"line":51,"column":25}},"15":{"start":{"line":53,"column":4},"end":{"line":56,"column":7}},"16":{"start":{"line":54,"column":6},"end":{"line":54,"column":33}},"17":{"start":{"line":55,"column":6},"end":{"line":55,"column":71}},"18":{"start":{"line":58,"column":4},"end":{"line":60,"column":7}},"19":{"start":{"line":59,"column":6},"end":{"line":59,"column":37}},"20":{"start":{"line":61,"column":4},"end":{"line":65,"column":7}},"21":{"start":{"line":62,"column":6},"end":{"line":62,"column":44}},"22":{"start":{"line":63,"column":6},"end":{"line":63,"column":38}},"23":{"start":{"line":64,"column":6},"end":{"line":64,"column":25}},"24":{"start":{"line":66,"column":4},"end":{"line":69,"column":7}},"25":{"start":{"line":67,"column":6},"end":{"line":67,"column":38}},"26":{"start":{"line":68,"column":6},"end":{"line":68,"column":70}},"27":{"start":{"line":71,"column":4},"end":{"line":73,"column":7}},"28":{"start":{"line":72,"column":6},"end":{"line":72,"column":37}},"29":{"start":{"line":74,"column":4},"end":{"line":79,"column":7}},"30":{"start":{"line":75,"column":6},"end":{"line":75,"column":46}},"31":{"start":{"line":76,"column":6},"end":{"line":76,"column":38}},"32":{"start":{"line":77,"column":6},"end":{"line":77,"column":50}},"33":{"start":{"line":78,"column":6},"end":{"line":78,"column":25}},"34":{"start":{"line":80,"column":4},"end":{"line":83,"column":7}},"35":{"start":{"line":81,"column":6},"end":{"line":81,"column":38}},"36":{"start":{"line":82,"column":6},"end":{"line":82,"column":69}},"37":{"start":{"line":86,"column":29},"end":{"line":86,"column":41}},"38":{"start":{"line":87,"column":35},"end":{"line":87,"column":53}},"39":{"start":{"line":88,"column":40},"end":{"line":88,"column":63}},"40":{"start":{"line":89,"column":37},"end":{"line":89,"column":57}},"41":{"start":{"line":98,"column":4},"end":{"line":98,"column":25}},"42":{"start":{"line":100,"column":35},"end":{"line":100,"column":54}},"43":{"start":{"line":102,"column":29},"end":{"line":102,"column":48}}},"fnMap":{"0":{"name":"(anonymous_0)","decl":{"start":{"line":23,"column":2},"end":{"line":23,"column":3}},"loc":{"start":{"line":23,"column":14},"end":{"line":23,"column":28}},"line":23},"1":{"name":"(anonymous_1)","decl":{"start":{"line":28,"column":2},"end":{"line":28,"column":3}},"loc":{"start":{"line":28,"column":24},"end":{"line":28,"column":65}},"line":28},"2":{"name":"(anonymous_2)","decl":{"start":{"line":33,"column":2},"end":{"line":33,"column":3}},"loc":{"start":{"line":33,"column":38},"end":{"line":33,"column":68}},"line":33},"3":{"name":"(anonymous_3)","decl":{"start":{"line":40,"column":21},"end":{"line":40,"column":22}},"loc":{"start":{"line":40,"column":32},"end":{"line":42,"column":5}},"line":40},"4":{"name":"(anonymous_4)","decl":{"start":{"line":44,"column":17},"end":{"line":44,"column":18}},"loc":{"start":{"line":44,"column":30},"end":{"line":84,"column":3}},"line":44},"5":{"name":"(anonymous_5)","decl":{"start":{"line":45,"column":47},"end":{"line":45,"column":48}},"loc":{"start":{"line":45,"column":58},"end":{"line":47,"column":5}},"line":45},"6":{"name":"(anonymous_6)","decl":{"start":{"line":48,"column":49},"end":{"line":48,"column":50}},"loc":{"start":{"line":48,"column":68},"end":{"line":52,"column":5}},"line":48},"7":{"name":"(anonymous_7)","decl":{"start":{"line":53,"column":48},"end":{"line":53,"column":49}},"loc":{"start":{"line":53,"column":67},"end":{"line":56,"column":5}},"line":53},"8":{"name":"(anonymous_8)","decl":{"start":{"line":58,"column":50},"end":{"line":58,"column":51}},"loc":{"start":{"line":58,"column":61},"end":{"line":60,"column":5}},"line":58},"9":{"name":"(anonymous_9)","decl":{"start":{"line":61,"column":52},"end":{"line":61,"column":53}},"loc":{"start":{"line":61,"column":71},"end":{"line":65,"column":5}},"line":61},"10":{"name":"(anonymous_10)","decl":{"start":{"line":66,"column":51},"end":{"line":66,"column":52}},"loc":{"start":{"line":66,"column":70},"end":{"line":69,"column":5}},"line":66},"11":{"name":"(anonymous_11)","decl":{"start":{"line":71,"column":47},"end":{"line":71,"column":48}},"loc":{"start":{"line":71,"column":58},"end":{"line":73,"column":5}},"line":71},"12":{"name":"(anonymous_12)","decl":{"start":{"line":74,"column":49},"end":{"line":74,"column":50}},"loc":{"start":{"line":74,"column":68},"end":{"line":79,"column":5}},"line":74},"13":{"name":"(anonymous_13)","decl":{"start":{"line":80,"column":48},"end":{"line":80,"column":49}},"loc":{"start":{"line":80,"column":67},"end":{"line":83,"column":5}},"line":80},"14":{"name":"(anonymous_14)","decl":{"start":{"line":86,"column":18},"end":{"line":86,"column":19}},"loc":{"start":{"line":86,"column":29},"end":{"line":86,"column":41}},"line":86},"15":{"name":"(anonymous_15)","decl":{"start":{"line":87,"column":24},"end":{"line":87,"column":25}},"loc":{"start":{"line":87,"column":35},"end":{"line":87,"column":53}},"line":87},"16":{"name":"(anonymous_16)","decl":{"start":{"line":88,"column":29},"end":{"line":88,"column":30}},"loc":{"start":{"line":88,"column":40},"end":{"line":88,"column":63}},"line":88},"17":{"name":"(anonymous_17)","decl":{"start":{"line":89,"column":26},"end":{"line":89,"column":27}},"loc":{"start":{"line":89,"column":37},"end":{"line":89,"column":57}},"line":89}},"branchMap":{"0":{"loc":{"start":{"line":55,"column":20},"end":{"line":55,"column":70}},"type":"binary-expr","locations":[{"start":{"line":55,"column":20},"end":{"line":55,"column":40}},{"start":{"line":55,"column":44},"end":{"line":55,"column":70}}],"line":55},"1":{"loc":{"start":{"line":68,"column":20},"end":{"line":68,"column":69}},"type":"binary-expr","locations":[{"start":{"line":68,"column":20},"end":{"line":68,"column":40}},{"start":{"line":68,"column":44},"end":{"line":68,"column":69}}],"line":68},"2":{"loc":{"start":{"line":82,"column":20},"end":{"line":82,"column":68}},"type":"binary-expr","locations":[{"start":{"line":82,"column":20},"end":{"line":82,"column":40}},{"start":{"line":82,"column":44},"end":{"line":82,"column":68}}],"line":82}},"s":{"0":2,"1":2,"2":0,"3":2,"4":0,"5":2,"6":0,"7":2,"8":1,"9":2,"10":1,"11":2,"12":1,"13":1,"14":1,"15":2,"16":1,"17":1,"18":2,"19":1,"20":2,"21":1,"22":1,"23":1,"24":2,"25":0,"26":0,"27":2,"28":0,"29":2,"30":1,"31":1,"32":1,"33":1,"34":2,"35":0,"36":0,"37":0,"38":0,"39":0,"40":0,"41":2,"42":2,"43":2},"f":{"0":0,"1":0,"2":0,"3":1,"4":2,"5":1,"6":1,"7":1,"8":1,"9":1,"10":0,"11":0,"12":1,"13":0,"14":0,"15":0,"16":0,"17":0},"b":{"0":[1,0],"1":[0,0],"2":[0,0]},"_coverageSchema":"1a1c01bbd47fc00a2c39e90264f33305004495a9","hash":"b1752872b062ceb5cfb84f0bf7a0a023319a370d"}
,"D:\\Dev\\FrontProjects\\stellar-burgers\\src\\utils\\burger-api.ts": {"path":"D:\\Dev\\FrontProjects\\stellar-burgers\\src\\utils\\burger-api.ts","statementMap":{"0":{"start":{"line":4,"column":12},"end":{"line":4,"column":38}},"1":{"start":{"line":6,"column":22},"end":{"line":7,"column":69}},"2":{"start":{"line":7,"column":2},"end":{"line":7,"column":69}},"3":{"start":{"line":7,"column":49},"end":{"line":7,"column":68}},"4":{"start":{"line":18,"column":28},"end":{"line":36,"column":6}},"5":{"start":{"line":19,"column":2},"end":{"line":36,"column":6}},"6":{"start":{"line":28,"column":19},"end":{"line":28,"column":55}},"7":{"start":{"line":30,"column":6},"end":{"line":32,"column":7}},"8":{"start":{"line":31,"column":8},"end":{"line":31,"column":43}},"9":{"start":{"line":33,"column":6},"end":{"line":33,"column":69}},"10":{"start":{"line":34,"column":6},"end":{"line":34,"column":56}},"11":{"start":{"line":35,"column":6},"end":{"line":35,"column":25}},"12":{"start":{"line":38,"column":32},"end":{"line":58,"column":1}},"13":{"start":{"line":42,"column":2},"end":{"line":57,"column":3}},"14":{"start":{"line":43,"column":16},"end":{"line":43,"column":41}},"15":{"start":{"line":44,"column":4},"end":{"line":44,"column":39}},"16":{"start":{"line":46,"column":4},"end":{"line":56,"column":5}},"17":{"start":{"line":47,"column":26},"end":{"line":47,"column":46}},"18":{"start":{"line":48,"column":6},"end":{"line":51,"column":7}},"19":{"start":{"line":49,"column":8},"end":{"line":50,"column":34}},"20":{"start":{"line":52,"column":18},"end":{"line":52,"column":43}},"21":{"start":{"line":53,"column":6},"end":{"line":53,"column":41}},"22":{"start":{"line":55,"column":6},"end":{"line":55,"column":33}},"23":{"start":{"line":74,"column":33},"end":{"line":80,"column":6}},"24":{"start":{"line":75,"column":2},"end":{"line":80,"column":6}},"25":{"start":{"line":76,"column":19},"end":{"line":76,"column":59}},"26":{"start":{"line":78,"column":6},"end":{"line":78,"column":42}},"27":{"start":{"line":78,"column":25},"end":{"line":78,"column":42}},"28":{"start":{"line":79,"column":6},"end":{"line":79,"column":34}},"29":{"start":{"line":82,"column":27},"end":{"line":88,"column":6}},"30":{"start":{"line":83,"column":2},"end":{"line":88,"column":6}},"31":{"start":{"line":84,"column":19},"end":{"line":84,"column":53}},"32":{"start":{"line":86,"column":6},"end":{"line":86,"column":37}},"33":{"start":{"line":86,"column":25},"end":{"line":86,"column":37}},"34":{"start":{"line":87,"column":6},"end":{"line":87,"column":34}},"35":{"start":{"line":90,"column":28},"end":{"line":100,"column":4}},"36":{"start":{"line":91,"column":2},"end":{"line":100,"column":4}},"37":{"start":{"line":98,"column":4},"end":{"line":98,"column":42}},"38":{"start":{"line":98,"column":23},"end":{"line":98,"column":42}},"39":{"start":{"line":99,"column":4},"end":{"line":99,"column":32}},"40":{"start":{"line":107,"column":30},"end":{"line":120,"column":4}},"41":{"start":{"line":108,"column":2},"end":{"line":120,"column":4}},"42":{"start":{"line":118,"column":4},"end":{"line":118,"column":35}},"43":{"start":{"line":118,"column":23},"end":{"line":118,"column":35}},"44":{"start":{"line":119,"column":4},"end":{"line":119,"column":32}},"45":{"start":{"line":126,"column":35},"end":{"line":132,"column":54}},"46":{"start":{"line":127,"column":2},"end":{"line":132,"column":54}},"47":{"start":{"line":132,"column":19},"end":{"line":132,"column":53}},"48":{"start":{"line":146,"column":31},"end":{"line":158,"column":6}},"49":{"start":{"line":147,"column":2},"end":{"line":158,"column":6}},"50":{"start":{"line":154,"column":19},"end":{"line":154,"column":52}},"51":{"start":{"line":156,"column":6},"end":{"line":156,"column":37}},"52":{"start":{"line":156,"column":25},"end":{"line":156,"column":37}},"53":{"start":{"line":157,"column":6},"end":{"line":157,"column":34}},"54":{"start":{"line":165,"column":28},"end":{"line":177,"column":6}},"55":{"start":{"line":166,"column":2},"end":{"line":177,"column":6}},"56":{"start":{"line":173,"column":19},"end":{"line":173,"column":52}},"57":{"start":{"line":175,"column":6},"end":{"line":175,"column":37}},"58":{"start":{"line":175,"column":25},"end":{"line":175,"column":37}},"59":{"start":{"line":176,"column":6},"end":{"line":176,"column":34}},"60":{"start":{"line":179,"column":33},"end":{"line":191,"column":6}},"61":{"start":{"line":180,"column":2},"end":{"line":191,"column":6}},"62":{"start":{"line":187,"column":19},"end":{"line":187,"column":58}},"63":{"start":{"line":189,"column":6},"end":{"line":189,"column":37}},"64":{"start":{"line":189,"column":25},"end":{"line":189,"column":37}},"65":{"start":{"line":190,"column":6},"end":{"line":190,"column":34}},"66":{"start":{"line":193,"column":32},"end":{"line":205,"column":6}},"67":{"start":{"line":194,"column":2},"end":{"line":205,"column":6}},"68":{"start":{"line":201,"column":19},"end":{"line":201,"column":58}},"69":{"start":{"line":203,"column":6},"end":{"line":203,"column":37}},"70":{"start":{"line":203,"column":25},"end":{"line":203,"column":37}},"71":{"start":{"line":204,"column":6},"end":{"line":204,"column":34}},"72":{"start":{"line":209,"column":26},"end":{"line":214,"column":4}},"73":{"start":{"line":210,"column":2},"end":{"line":214,"column":4}},"74":{"start":{"line":216,"column":29},"end":{"line":224,"column":4}},"75":{"start":{"line":217,"column":2},"end":{"line":224,"column":4}},"76":{"start":{"line":226,"column":25},"end":{"line":235,"column":59}},"77":{"start":{"line":227,"column":2},"end":{"line":235,"column":59}},"78":{"start":{"line":235,"column":19},"end":{"line":235,"column":58}}},"fnMap":{"0":{"name":"(anonymous_0)","decl":{"start":{"line":6,"column":22},"end":{"line":6,"column":23}},"loc":{"start":{"line":7,"column":2},"end":{"line":7,"column":69}},"line":7},"1":{"name":"(anonymous_1)","decl":{"start":{"line":7,"column":40},"end":{"line":7,"column":41}},"loc":{"start":{"line":7,"column":49},"end":{"line":7,"column":68}},"line":7},"2":{"name":"(anonymous_2)","decl":{"start":{"line":18,"column":28},"end":{"line":18,"column":29}},"loc":{"start":{"line":19,"column":2},"end":{"line":36,"column":6}},"line":19},"3":{"name":"(anonymous_3)","decl":{"start":{"line":28,"column":10},"end":{"line":28,"column":11}},"loc":{"start":{"line":28,"column":19},"end":{"line":28,"column":55}},"line":28},"4":{"name":"(anonymous_4)","decl":{"start":{"line":29,"column":10},"end":{"line":29,"column":11}},"loc":{"start":{"line":29,"column":27},"end":{"line":36,"column":5}},"line":29},"5":{"name":"(anonymous_5)","decl":{"start":{"line":38,"column":32},"end":{"line":38,"column":33}},"loc":{"start":{"line":41,"column":5},"end":{"line":58,"column":1}},"line":41},"6":{"name":"(anonymous_6)","decl":{"start":{"line":74,"column":33},"end":{"line":74,"column":34}},"loc":{"start":{"line":75,"column":2},"end":{"line":80,"column":6}},"line":75},"7":{"name":"(anonymous_7)","decl":{"start":{"line":76,"column":10},"end":{"line":76,"column":11}},"loc":{"start":{"line":76,"column":19},"end":{"line":76,"column":59}},"line":76},"8":{"name":"(anonymous_8)","decl":{"start":{"line":77,"column":10},"end":{"line":77,"column":11}},"loc":{"start":{"line":77,"column":20},"end":{"line":80,"column":5}},"line":77},"9":{"name":"(anonymous_9)","decl":{"start":{"line":82,"column":27},"end":{"line":82,"column":28}},"loc":{"start":{"line":83,"column":2},"end":{"line":88,"column":6}},"line":83},"10":{"name":"(anonymous_10)","decl":{"start":{"line":84,"column":10},"end":{"line":84,"column":11}},"loc":{"start":{"line":84,"column":19},"end":{"line":84,"column":53}},"line":84},"11":{"name":"(anonymous_11)","decl":{"start":{"line":85,"column":10},"end":{"line":85,"column":11}},"loc":{"start":{"line":85,"column":20},"end":{"line":88,"column":5}},"line":85},"12":{"name":"(anonymous_12)","decl":{"start":{"line":90,"column":28},"end":{"line":90,"column":29}},"loc":{"start":{"line":91,"column":2},"end":{"line":100,"column":4}},"line":91},"13":{"name":"(anonymous_13)","decl":{"start":{"line":97,"column":10},"end":{"line":97,"column":11}},"loc":{"start":{"line":97,"column":20},"end":{"line":100,"column":3}},"line":97},"14":{"name":"(anonymous_14)","decl":{"start":{"line":107,"column":30},"end":{"line":107,"column":31}},"loc":{"start":{"line":108,"column":2},"end":{"line":120,"column":4}},"line":108},"15":{"name":"(anonymous_15)","decl":{"start":{"line":117,"column":10},"end":{"line":117,"column":11}},"loc":{"start":{"line":117,"column":20},"end":{"line":120,"column":3}},"line":117},"16":{"name":"(anonymous_16)","decl":{"start":{"line":126,"column":35},"end":{"line":126,"column":36}},"loc":{"start":{"line":127,"column":2},"end":{"line":132,"column":54}},"line":127},"17":{"name":"(anonymous_17)","decl":{"start":{"line":132,"column":10},"end":{"line":132,"column":11}},"loc":{"start":{"line":132,"column":19},"end":{"line":132,"column":53}},"line":132},"18":{"name":"(anonymous_18)","decl":{"start":{"line":146,"column":31},"end":{"line":146,"column":32}},"loc":{"start":{"line":147,"column":2},"end":{"line":158,"column":6}},"line":147},"19":{"name":"(anonymous_19)","decl":{"start":{"line":154,"column":10},"end":{"line":154,"column":11}},"loc":{"start":{"line":154,"column":19},"end":{"line":154,"column":52}},"line":154},"20":{"name":"(anonymous_20)","decl":{"start":{"line":155,"column":10},"end":{"line":155,"column":11}},"loc":{"start":{"line":155,"column":20},"end":{"line":158,"column":5}},"line":155},"21":{"name":"(anonymous_21)","decl":{"start":{"line":165,"column":28},"end":{"line":165,"column":29}},"loc":{"start":{"line":166,"column":2},"end":{"line":177,"column":6}},"line":166},"22":{"name":"(anonymous_22)","decl":{"start":{"line":173,"column":10},"end":{"line":173,"column":11}},"loc":{"start":{"line":173,"column":19},"end":{"line":173,"column":52}},"line":173},"23":{"name":"(anonymous_23)","decl":{"start":{"line":174,"column":10},"end":{"line":174,"column":11}},"loc":{"start":{"line":174,"column":20},"end":{"line":177,"column":5}},"line":174},"24":{"name":"(anonymous_24)","decl":{"start":{"line":179,"column":33},"end":{"line":179,"column":34}},"loc":{"start":{"line":180,"column":2},"end":{"line":191,"column":6}},"line":180},"25":{"name":"(anonymous_25)","decl":{"start":{"line":187,"column":10},"end":{"line":187,"column":11}},"loc":{"start":{"line":187,"column":19},"end":{"line":187,"column":58}},"line":187},"26":{"name":"(anonymous_26)","decl":{"start":{"line":188,"column":10},"end":{"line":188,"column":11}},"loc":{"start":{"line":188,"column":20},"end":{"line":191,"column":5}},"line":188},"27":{"name":"(anonymous_27)","decl":{"start":{"line":193,"column":32},"end":{"line":193,"column":33}},"loc":{"start":{"line":194,"column":2},"end":{"line":205,"column":6}},"line":194},"28":{"name":"(anonymous_28)","decl":{"start":{"line":201,"column":10},"end":{"line":201,"column":11}},"loc":{"start":{"line":201,"column":19},"end":{"line":201,"column":58}},"line":201},"29":{"name":"(anonymous_29)","decl":{"start":{"line":202,"column":10},"end":{"line":202,"column":11}},"loc":{"start":{"line":202,"column":20},"end":{"line":205,"column":5}},"line":202},"30":{"name":"(anonymous_30)","decl":{"start":{"line":209,"column":26},"end":{"line":209,"column":27}},"loc":{"start":{"line":210,"column":2},"end":{"line":214,"column":4}},"line":210},"31":{"name":"(anonymous_31)","decl":{"start":{"line":216,"column":29},"end":{"line":216,"column":30}},"loc":{"start":{"line":217,"column":2},"end":{"line":224,"column":4}},"line":217},"32":{"name":"(anonymous_32)","decl":{"start":{"line":226,"column":25},"end":{"line":226,"column":26}},"loc":{"start":{"line":227,"column":2},"end":{"line":235,"column":59}},"line":227},"33":{"name":"(anonymous_33)","decl":{"start":{"line":235,"column":10},"end":{"line":235,"column":11}},"loc":{"start":{"line":235,"column":19},"end":{"line":235,"column":58}},"line":235}},"branchMap":{"0":{"loc":{"start":{"line":7,"column":2},"end":{"line":7,"column":69}},"type":"cond-expr","locations":[{"start":{"line":7,"column":11},"end":{"line":7,"column":21}},{"start":{"line":7,"column":24},"end":{"line":7,"column":69}}],"line":7},"1":{"loc":{"start":{"line":30,"column":6},"end":{"line":32,"column":7}},"type":"if","locations":[{"start":{"line":30,"column":6},"end":{"line":32,"column":7}},{"start":{},"end":{}}],"line":30},"2":{"loc":{"start":{"line":46,"column":4},"end":{"line":56,"column":5}},"type":"if","locations":[{"start":{"line":46,"column":4},"end":{"line":56,"column":5}},{"start":{"line":54,"column":11},"end":{"line":56,"column":5}}],"line":46},"3":{"loc":{"start":{"line":48,"column":6},"end":{"line":51,"column":7}},"type":"if","locations":[{"start":{"line":48,"column":6},"end":{"line":51,"column":7}},{"start":{},"end":{}}],"line":48},"4":{"loc":{"start":{"line":78,"column":6},"end":{"line":78,"column":42}},"type":"if","locations":[{"start":{"line":78,"column":6},"end":{"line":78,"column":42}},{"start":{},"end":{}}],"line":78},"5":{"loc":{"start":{"line":86,"column":6},"end":{"line":86,"column":37}},"type":"if","locations":[{"start":{"line":86,"column":6},"end":{"line":86,"column":37}},{"start":{},"end":{}}],"line":86},"6":{"loc":{"start":{"line":98,"column":4},"end":{"line":98,"column":42}},"type":"if","locations":[{"start":{"line":98,"column":4},"end":{"line":98,"column":42}},{"start":{},"end":{}}],"line":98},"7":{"loc":{"start":{"line":118,"column":4},"end":{"line":118,"column":35}},"type":"if","locations":[{"start":{"line":118,"column":4},"end":{"line":118,"column":35}},{"start":{},"end":{}}],"line":118},"8":{"loc":{"start":{"line":156,"column":6},"end":{"line":156,"column":37}},"type":"if","locations":[{"start":{"line":156,"column":6},"end":{"line":156,"column":37}},{"start":{},"end":{}}],"line":156},"9":{"loc":{"start":{"line":175,"column":6},"end":{"line":175,"column":37}},"type":"if","locations":[{"start":{"line":175,"column":6},"end":{"line":175,"column":37}},{"start":{},"end":{}}],"line":175},"10":{"loc":{"start":{"line":189,"column":6},"end":{"line":189,"column":37}},"type":"if","locations":[{"start":{"line":189,"column":6},"end":{"line":189,"column":37}},{"start":{},"end":{}}],"line":189},"11":{"loc":{"start":{"line":203,"column":6},"end":{"line":203,"column":37}},"type":"if","locations":[{"start":{"line":203,"column":6},"end":{"line":203,"column":37}},{"start":{},"end":{}}],"line":203}},"s":{"0":5,"1":5,"2":2,"3":0,"4":5,"5":0,"6":0,"7":0,"8":0,"9":0,"10":0,"11":0,"12":5,"13":0,"14":0,"15":0,"16":0,"17":0,"18":0,"19":0,"20":0,"21":0,"22":0,"23":5,"24":3,"25":1,"26":1,"27":1,"28":0,"29":5,"30":3,"31":1,"32":1,"33":1,"34":0,"35":5,"36":0,"37":0,"38":0,"39":0,"40":5,"41":0,"42":0,"43":0,"44":0,"45":5,"46":0,"47":0,"48":5,"49":0,"50":0,"51":0,"52":0,"53":0,"54":5,"55":0,"56":0,"57":0,"58":0,"59":0,"60":5,"61":0,"62":0,"63":0,"64":0,"65":0,"66":5,"67":0,"68":0,"69":0,"70":0,"71":0,"72":5,"73":0,"74":5,"75":0,"76":5,"77":0,"78":0},"f":{"0":2,"1":0,"2":0,"3":0,"4":0,"5":0,"6":3,"7":1,"8":1,"9":3,"10":1,"11":1,"12":0,"13":0,"14":0,"15":0,"16":0,"17":0,"18":0,"19":0,"20":0,"21":0,"22":0,"23":0,"24":0,"25":0,"26":0,"27":0,"28":0,"29":0,"30":0,"31":0,"32":0,"33":0},"b":{"0":[2,0],"1":[0,0],"2":[0,0],"3":[0,0],"4":[1,0],"5":[1,0],"6":[0,0],"7":[0,0],"8":[0,0],"9":[0,0],"10":[0,0],"11":[0,0]},"_coverageSchema":"1a1c01bbd47fc00a2c39e90264f33305004495a9","hash":"d0fcb15c5a81b39485d26fbf5aea123f5ca4f309"}
,"D:\\Dev\\FrontProjects\\stellar-burgers\\src\\utils\\cookie.ts": {"path":"D:\\Dev\\FrontProjects\\stellar-burgers\\src\\utils\\cookie.ts","statementMap":{"0":{"start":{"line":2,"column":18},"end":{"line":9,"column":3}},"1":{"start":{"line":10,"column":2},"end":{"line":10,"column":62}},"2":{"start":{"line":18,"column":2},"end":{"line":21,"column":4}},"3":{"start":{"line":23,"column":12},"end":{"line":23,"column":25}},"4":{"start":{"line":24,"column":2},"end":{"line":28,"column":3}},"5":{"start":{"line":25,"column":14},"end":{"line":25,"column":24}},"6":{"start":{"line":26,"column":4},"end":{"line":26,"column":40}},"7":{"start":{"line":27,"column":4},"end":{"line":27,"column":28}},"8":{"start":{"line":30,"column":2},"end":{"line":32,"column":3}},"9":{"start":{"line":31,"column":4},"end":{"line":31,"column":38}},"10":{"start":{"line":33,"column":2},"end":{"line":33,"column":36}},"11":{"start":{"line":34,"column":22},"end":{"line":34,"column":40}},"12":{"start":{"line":35,"column":2},"end":{"line":41,"column":3}},"13":{"start":{"line":36,"column":4},"end":{"line":36,"column":37}},"14":{"start":{"line":37,"column":22},"end":{"line":37,"column":37}},"15":{"start":{"line":38,"column":4},"end":{"line":40,"column":5}},"16":{"start":{"line":39,"column":6},"end":{"line":39,"column":39}},"17":{"start":{"line":42,"column":2},"end":{"line":42,"column":34}},"18":{"start":{"line":46,"column":2},"end":{"line":46,"column":39}}},"fnMap":{"0":{"name":"getCookie","decl":{"start":{"line":1,"column":16},"end":{"line":1,"column":25}},"loc":{"start":{"line":1,"column":60},"end":{"line":11,"column":1}},"line":1},"1":{"name":"setCookie","decl":{"start":{"line":13,"column":16},"end":{"line":13,"column":25}},"loc":{"start":{"line":17,"column":2},"end":{"line":43,"column":1}},"line":17},"2":{"name":"deleteCookie","decl":{"start":{"line":45,"column":16},"end":{"line":45,"column":28}},"loc":{"start":{"line":45,"column":43},"end":{"line":47,"column":1}},"line":45}},"branchMap":{"0":{"loc":{"start":{"line":10,"column":9},"end":{"line":10,"column":61}},"type":"cond-expr","locations":[{"start":{"line":10,"column":19},"end":{"line":10,"column":49}},{"start":{"line":10,"column":52},"end":{"line":10,"column":61}}],"line":10},"1":{"loc":{"start":{"line":16,"column":2},"end":{"line":16,"column":65}},"type":"default-arg","locations":[{"start":{"line":16,"column":63},"end":{"line":16,"column":65}}],"line":16},"2":{"loc":{"start":{"line":24,"column":2},"end":{"line":28,"column":3}},"type":"if","locations":[{"start":{"line":24,"column":2},"end":{"line":28,"column":3}},{"start":{},"end":{}}],"line":24},"3":{"loc":{"start":{"line":24,"column":6},"end":{"line":24,"column":36}},"type":"binary-expr","locations":[{"start":{"line":24,"column":6},"end":{"line":24,"column":9}},{"start":{"line":24,"column":13},"end":{"line":24,"column":36}}],"line":24},"4":{"loc":{"start":{"line":30,"column":2},"end":{"line":32,"column":3}},"type":"if","locations":[{"start":{"line":30,"column":2},"end":{"line":32,"column":3}},{"start":{},"end":{}}],"line":30},"5":{"loc":{"start":{"line":30,"column":6},"end":{"line":30,"column":32}},"type":"binary-expr","locations":[{"start":{"line":30,"column":6},"end":{"line":30,"column":9}},{"start":{"line":30,"column":13},"end":{"line":30,"column":32}}],"line":30},"6":{"loc":{"start":{"line":38,"column":4},"end":{"line":40,"column":5}},"type":"if","locations":[{"start":{"line":38,"column":4},"end":{"line":40,"column":5}},{"start":{},"end":{}}],"line":38}},"s":{"0":2,"1":2,"2":2,"3":2,"4":2,"5":1,"6":1,"7":1,"8":2,"9":1,"10":2,"11":2,"12":2,"13":3,"14":3,"15":3,"16":3,"17":2,"18":1},"f":{"0":2,"1":2,"2":1},"b":{"0":[0,2],"1":[1],"2":[1,1],"3":[2,1],"4":[1,1],"5":[2,1],"6":[3,0]},"_coverageSchema":"1a1c01bbd47fc00a2c39e90264f33305004495a9","hash":"608555521a01d0c557e698eabb28c2c6ad4a43c5"}
}
