TN:
SF:src\services\rootReducer.ts
FNF:0
FNH:0
DA:1,1
DA:2,1
DA:3,1
DA:4,1
DA:5,1
DA:6,1
DA:7,1
DA:8,1
DA:9,1
DA:10,1
DA:11,1
DA:12,1
DA:13,1
DA:14,1
DA:15,1
DA:16,1
DA:17,1
DA:18,1
LF:18
LH:18
BRF:0
BRH:0
end_of_record
TN:
SF:src\services\store.ts
FN:18,useDispatch
FNF:1
FNH:0
FNDA:0,useDispatch
DA:1,1
DA:2,1
DA:3,1
DA:4,1
DA:5,1
DA:6,1
DA:7,1
DA:8,1
DA:9,1
DA:10,1
DA:11,1
DA:12,1
DA:13,1
DA:14,1
DA:15,1
DA:16,1
DA:17,1
DA:18,1
DA:19,1
DA:20,1
DA:21,1
LF:21
LH:21
BRF:0
BRH:0
end_of_record
TN:
SF:src\services\slices\constructorIngredientSlice.ts
FN:20,reducer
FN:27,prepare
FN:32,deleteItem
FN:37,clearAll
FN:38,updateAll
FN:43,selectItems
FNF:6
FNH:5
FNDA:2,reducer
FNDA:2,prepare
FNDA:1,deleteItem
FNDA:1,clearAll
FNDA:1,updateAll
FNDA:0,selectItems
DA:1,1
DA:2,1
DA:3,1
DA:4,1
DA:5,1
DA:6,1
DA:7,1
DA:8,1
DA:9,1
DA:10,1
DA:11,1
DA:12,1
DA:13,1
DA:14,1
DA:15,1
DA:16,1
DA:17,1
DA:18,1
DA:19,1
DA:20,1
DA:21,2
DA:22,1
DA:23,1
DA:24,1
DA:25,1
DA:26,1
DA:27,1
DA:28,2
DA:29,2
DA:30,2
DA:31,1
DA:32,1
DA:33,1
DA:34,1
DA:35,1
DA:36,1
DA:37,1
DA:38,1
DA:39,1
DA:40,1
DA:41,1
DA:42,1
DA:43,1
DA:44,1
DA:45,1
DA:46,1
DA:47,1
DA:48,1
DA:49,1
LF:49
LH:49
BRDA:20,0,0,2
BRDA:21,1,0,1
BRDA:27,2,0,2
BRDA:32,3,0,1
BRDA:34,4,0,2
BRDA:37,5,0,1
BRDA:38,6,0,1
BRF:7
BRH:7
end_of_record
TN:
SF:src\services\slices\feedsSlice.ts
FN:27,getOrdersFeeds
FN:28,getTotalFeeds
FN:29,getTotalTodayFeeds
FN:31,extraReducers
FNF:4
FNH:4
FNDA:1,getOrdersFeeds
FNDA:1,getTotalFeeds
FNDA:1,getTotalTodayFeeds
FNDA:3,extraReducers
DA:1,1
DA:2,1
DA:3,1
DA:4,1
DA:5,1
DA:6,1
DA:7,1
DA:8,1
DA:9,1
DA:10,1
DA:11,1
DA:12,1
DA:13,1
DA:14,1
DA:15,1
DA:16,1
DA:17,1
DA:18,1
DA:19,1
DA:20,1
DA:21,1
DA:22,1
DA:23,1
DA:24,1
DA:25,1
DA:26,1
DA:27,1
DA:28,1
DA:29,1
DA:30,1
DA:31,1
DA:32,3
DA:33,3
DA:34,1
DA:35,1
DA:36,1
DA:37,1
DA:38,3
DA:39,3
DA:40,1
DA:41,1
DA:42,1
DA:43,1
DA:44,1
DA:45,3
DA:46,3
DA:47,1
DA:48,1
DA:49,3
DA:50,3
DA:51,1
DA:52,1
DA:53,1
DA:54,1
LF:54
LH:54
BRDA:27,0,0,1
BRDA:28,1,0,1
BRDA:29,2,0,1
BRDA:31,3,0,3
BRDA:33,4,0,1
BRDA:39,5,0,1
BRDA:46,6,0,1
BRF:7
BRH:7
end_of_record
TN:
SF:src\services\slices\ingredientsSlice.ts
FN:27,getIngredientsState
FN:28,getIngredientsLoadingState
FN:29,getIngredients
FN:31,extraReducers
FNF:4
FNH:4
FNDA:1,getIngredientsState
FNDA:1,getIngredientsLoadingState
FNDA:1,getIngredients
FNDA:3,extraReducers
DA:1,1
DA:2,1
DA:3,1
DA:4,1
DA:5,1
DA:6,1
DA:7,1
DA:8,1
DA:9,1
DA:10,1
DA:11,1
DA:12,1
DA:13,1
DA:14,1
DA:15,1
DA:16,1
DA:17,1
DA:18,1
DA:19,1
DA:20,1
DA:21,1
DA:22,1
DA:23,1
DA:24,1
DA:25,1
DA:26,1
DA:27,1
DA:28,1
DA:29,1
DA:30,1
DA:31,1
DA:32,3
DA:33,3
DA:34,1
DA:35,1
DA:36,3
DA:37,3
DA:38,1
DA:39,1
DA:40,3
DA:41,3
DA:42,1
DA:43,1
DA:44,3
DA:45,3
DA:46,1
DA:47,1
DA:48,1
DA:49,1
DA:50,1
DA:51,1
DA:52,1
LF:52
LH:52
BRDA:27,0,0,1
BRDA:28,1,0,1
BRDA:29,2,0,1
BRDA:31,3,0,3
BRDA:33,4,0,1
BRDA:37,5,0,1
BRDA:41,6,0,1
BRF:7
BRH:7
end_of_record
TN:
SF:src\services\slices\newOrderSlice.ts
FN:26,resetOrder
FN:29,getOrderRequest
FN:30,getOrderModalData
FN:32,extraReducers
FNF:4
FNH:4
FNDA:1,resetOrder
FNDA:1,getOrderRequest
FNDA:1,getOrderModalData
FNDA:3,extraReducers
DA:1,1
DA:2,1
DA:3,1
DA:4,1
DA:5,1
DA:6,1
DA:7,1
DA:8,1
DA:9,1
DA:10,1
DA:11,1
DA:12,1
DA:13,1
DA:14,1
DA:15,1
DA:16,1
DA:17,1
DA:18,1
DA:19,1
DA:20,1
DA:21,1
DA:22,1
DA:23,1
DA:24,1
DA:25,1
DA:26,1
DA:27,1
DA:28,1
DA:29,1
DA:30,1
DA:31,1
DA:32,1
DA:33,3
DA:34,3
DA:35,1
DA:36,1
DA:37,3
DA:38,3
DA:39,1
DA:40,3
DA:41,3
DA:42,1
DA:43,3
DA:44,3
DA:45,1
DA:46,1
DA:47,1
DA:48,1
LF:48
LH:48
BRDA:26,0,0,1
BRDA:29,1,0,1
BRDA:30,2,0,1
BRDA:32,3,0,3
BRDA:34,4,0,1
BRDA:38,5,0,1
BRDA:41,6,0,1
BRF:7
BRH:7
end_of_record
TN:
SF:src\services\slices\userOrdersSlice.ts
FN:22,listOfOrders
FN:24,extraReducers
FNF:2
FNH:2
FNDA:1,listOfOrders
FNDA:3,extraReducers
DA:1,1
DA:2,1
DA:3,1
DA:4,1
DA:5,1
DA:6,1
DA:7,1
DA:8,1
DA:9,1
DA:10,1
DA:11,1
DA:12,1
DA:13,1
DA:14,1
DA:15,1
DA:16,1
DA:17,1
DA:18,1
DA:19,1
DA:20,1
DA:21,1
DA:22,1
DA:23,1
DA:24,1
DA:25,3
DA:26,3
DA:27,1
DA:28,1
DA:29,3
DA:30,3
DA:31,1
DA:32,3
DA:33,3
DA:34,1
DA:35,3
DA:36,3
DA:37,1
DA:38,1
DA:39,1
LF:39
LH:39
BRDA:22,0,0,1
BRDA:24,1,0,3
BRDA:26,2,0,1
BRDA:30,3,0,1
BRDA:33,4,0,1
BRF:5
BRH:5
end_of_record
TN:
SF:src\services\slices\userSlice.ts
FN:36,isAuthCheckedSelector
FN:37,getUser
FN:38,getName
FN:39,getError
FN:41,extraReducers
FNF:5
FNH:1
FNDA:0,isAuthCheckedSelector
FNDA:0,getUser
FNDA:0,getName
FNDA:0,getError
FNDA:3,extraReducers
DA:1,1
DA:2,1
DA:3,1
DA:4,1
DA:5,1
DA:6,1
DA:7,1
DA:8,1
DA:9,1
DA:10,1
DA:11,1
DA:12,1
DA:13,1
DA:14,1
DA:15,1
DA:16,1
DA:17,1
DA:18,1
DA:19,1
DA:20,1
DA:21,1
DA:22,1
DA:23,1
DA:24,1
DA:25,1
DA:26,1
DA:27,1
DA:28,1
DA:29,1
DA:30,1
DA:31,1
DA:32,1
DA:33,1
DA:34,1
DA:35,1
DA:36,1
DA:37,1
DA:38,1
DA:39,1
DA:40,1
DA:41,1
DA:42,3
DA:43,3
DA:44,1
DA:45,1
DA:46,1
DA:47,3
DA:48,3
DA:49,1
DA:50,3
DA:51,3
DA:52,1
DA:53,3
DA:54,3
DA:55,3
DA:56,1
DA:57,1
DA:58,1
DA:59,3
DA:60,3
DA:61,1
DA:62,1
DA:63,3
DA:64,3
DA:65,1
DA:66,1
DA:67,3
DA:68,3
DA:69,3
DA:70,1
DA:71,1
DA:72,3
DA:73,3
DA:74,1
DA:75,1
DA:76,3
DA:77,3
DA:78,3
DA:79,1
DA:80,1
DA:81,3
DA:82,3
DA:83,1
DA:84,1
DA:85,3
DA:86,3
DA:87,1
DA:88,3
DA:89,3
DA:90,1
DA:91,1
DA:92,3
DA:93,3
DA:94,1
DA:95,1
DA:96,1
DA:97,1
LF:97
LH:97
BRDA:41,0,0,3
BRDA:43,1,0,1
BRDA:48,2,0,1
BRDA:51,3,0,1
BRDA:55,4,0,1
BRDA:60,5,0,1
BRDA:64,6,0,1
BRDA:69,7,0,1
BRDA:73,8,0,1
BRDA:78,9,0,1
BRDA:82,10,0,1
BRDA:86,11,0,1
BRDA:89,12,0,1
BRF:13
BRH:13
end_of_record
